<?xml version="1.0" encoding="UTF-8"?>
<testsuite xmlns:xsi="http://www.w3.org/2001/XMLSchema-instance" xsi:noNamespaceSchemaLocation="https://maven.apache.org/surefire/maven-surefire-plugin/xsd/surefire-test-report.xsd" name="org.sonar.plugins.yaml.checks.SimpleYamlMatchCheckTest" time="1.731" tests="5" errors="0" skipped="0" failures="0">
  <properties>
[...]
</properties>
  <testcase name="ProjectNameExclusionApplies_matchesIgnored" classname="org.sonar.plugins.yaml.checks.SimpleYamlMatchCheckTest" time="1.607"/>
  <testcase name="simpleCase_successfulMatch" classname="org.sonar.plugins.yaml.checks.SimpleYamlMatchCheckTest" time="0.038"/>
  <testcase name="simpleCase_ignoresCharactersNotInCharset" classname="org.sonar.plugins.yaml.checks.SimpleYamlMatchCheckTest" time="0.078"/>
  <testcase name="simpleCaseInvolvingStartOfLineCharacter_usesStartOfEachLine" classname="org.sonar.plugins.yaml.checks.SimpleYamlMatchCheckTest" time="0.002"/>
  <testcase name="FileNameExclusionApplies_matchesIgnored" classname="org.sonar.plugins.yaml.checks.SimpleYamlMatchCheckTest" time="0.002"/>
</testsuite>